make all --print-data-base --no-builtin-variables --no-builtin-rules --question
# GNU Make 3.81
# Copyright (C) 2006  Free Software Foundation, Inc.
# This is free software; see the source for copying conditions.
# There is NO warranty; not even for MERCHANTABILITY or FITNESS FOR A
# PARTICULAR PURPOSE.

# This program built for i386-apple-darwin11.3.0
 
fatal: not a git repository (or any of the parent directories): .git

make: *** No rule to make target `all'.  Stop.


# Make data base, printed on Thu Aug  4 08:31:43 2022

# Variables

# automatic
<D = $(patsubst %/,%,$(dir $<))
# automatic
 
?F = $(notdir $?)
# automatic
?D = $(patsubst %/,%,$(dir $?))
# automatic
@D = $(patsubst %/,%,$(dir $@))
# automatic
@F = $(notdir $@)
# makefile
CURDIR := /Users/mfeinberg/repos/dev-eks
# makefile (from `Makefile', line 4)
SHELL := /bin/bash
# makefile (from `Makefile.env', line 16)
PROJECT_DYNAMODB_TABLE = ps_terraform_devops
# environment
VSCODE_NLS_CONFIG = {"locale":"en-us","availableLanguages":{},"_languagePackSupport":true}
# environment
_ = /usr/bin/make
# makefile (from `Makefile.env', line 11)
PROJECT_INFRA_TAG_CLIENT = myprojectname
# makefile (from `Makefile.env', line 1)
MAKEFILE_LIST :=  Makefile Makefile.env
# makefile (from `Makefile.env', line 10)
PROJECT_INFRA_TAG_PROJECT = myprojectname
# environment
__CFBundleIdentifier = com.microsoft.VSCode
# environment
INFOPATH = /opt/homebrew/share/info:
# makefile (from `Makefile.env', line 15)
PROJECT_S3_BUCKET = com.myprojectname.terraform.devops
# makefile (from `Makefile.env', line 20)
AWS_DEFAULT_REGION = us-east-1
# environment
VSCODE_CWD = /
# environment
PATH = /Users/mfeinberg/bin:/usr/local/bin:/opt/homebrew/bin:/opt/homebrew/sbin:/usr/local/bin:/usr/bin:/bin:/usr/sbin:/sbin
# environment
LSCOLORS = Gxfxcxdxbxegedabagacad
# environment
SPACESHIP_VERSION = 3.16.7
# environment
LaunchInstanceID = D15B54D8-3764-4DE5-A6DB-DA8729EDA846
# environment
ELECTRON_RUN_AS_NODE = 1
# default
.FEATURES := target-specific order-only second-expansion else-if archives jobserver check-symlink
# makefile (from `Makefile', line 6)
DIR := /Users/mfeinberg/repos/dev-eks
# environment
SSH_AUTH_SOCK = /private/tmp/com.apple.launchd.UrcSGjrARk/Listeners
# automatic
%F = $(notdir $%)
# environment
PWD = /Users/mfeinberg/repos/dev-eks
# environment
HOMEBREW_CELLAR = /opt/homebrew/Cellar
# makefile (from `Makefile.env', line 12)
PROJECT_INFRA_TAG_OWNER = matthew.feinberg@myprojectname.com
# environment
ORIGINAL_XDG_CURRENT_DESKTOP = undefined
# environment
MANPATH = /opt/homebrew/share/man::
# environment
VSCODE_AMD_ENTRYPOINT = vs/workbench/api/node/extensionHostProcess
# environment
HOME = /Users/mfeinberg
# default
MAKEFILEPATH = $(shell /usr/bin/xcode-select -print-path 2>/dev/null || echo /Developer)/Makefiles
# environment
VSCODE_CODE_CACHE_PATH = /Users/mfeinberg/Library/Application Support/Code/CachedData/3b889b090b5ad5793f524b5d1d39fda662b96a2a
# environment
LOGNAME = mfeinberg
# environment
APPLICATION_INSIGHTS_NO_DIAGNOSTIC_CHANNEL = 1
# environment
ZSH = /Users/mfeinberg/.oh-my-zsh
# environment
VSCODE_HANDLES_UNCAUGHT_ERRORS = true
# automatic
^D = $(patsubst %/,%,$(dir $^))
# environment
SPACESHIP_TIME_SHOW = true
# environment
XPC_FLAGS = 0x0
# default
MAKE = $(MAKE_COMMAND)
# default
MAKECMDGOALS := all
# environment
SHLVL = 1
# default
MAKE_VERSION := 3.81
# environment
USER = mfeinberg
# makefile
.DEFAULT_GOAL := help
# makefile (from `Makefile.env', line 4)
PROJECT_DEPLOYMENT_STAGE = development
# environment
LESS = -R
# automatic
%D = $(patsubst %/,%,$(dir $%))
# default
MAKE_COMMAND := /Library/Developer/CommandLineTools/usr/bin/make
# default
.VARIABLES := 
# environment
TMPDIR = /var/folders/jn/mfbbl5rn5_q5wp2pf7fdffyc0000gq/T/
# makefile (from `Makefile', line 11)
TOPDIR := .
# automatic
*F = $(notdir $*)
# environment
VSCODE_IPC_HOOK = /Users/mfeinberg/Library/Application Support/Code/1.69.2-main.sock
# environment
MallocNanoZone = 0
# makefile
MAKEFLAGS = Rrqp
# environment
MFLAGS = -Rrqp
# automatic
*D = $(patsubst %/,%,$(dir $*))
# environment
XPC_SERVICE_NAME = application.com.microsoft.VSCode.1208388.1208394
# environment
HOMEBREW_PREFIX = /opt/homebrew
# automatic
+D = $(patsubst %/,%,$(dir $+))
# automatic
+F = $(notdir $+)
# environment
HOMEBREW_REPOSITORY = /opt/homebrew
# environment
__CF_USER_TEXT_ENCODING = 0x1F7:0x0:0x0
# environment
COMMAND_MODE = unix2003
# default
MAKEFILES := 
# automatic
<F = $(notdir $<)
# environment
PAGER = less
# environment
LC_ALL = C
# makefile (from `Makefile', line 5)
TERRAFORM_VERSION := 1.0.11
# makefile (from `Makefile.env', line 19)
AWS_DEFAULT_OUTPUT = json
# environment
SECURITYSESSIONID = 186b3
# environment
SPACESHIP_ROOT = /Users/mfeinberg/.oh-my-zsh/custom/themes/spaceship-prompt
# automatic
^F = $(notdir $^)
# default
SUFFIXES := 
# environment
MAKELEVEL := 0
# environment
SPACESHOT_BATTERY_THRESHOLD = 90
# environment
LANG = C
# environment
VSCODE_PID = 720
# makefile (from `Makefile.env', line 6)
PROJECT_PROFILE = myprojectname
# variable set hash-table stats:
# Load=84/1024=8%, Rehash=0, Collisions=2/116=2%

# Pattern-specific Variable Values

# No pattern-specific variable values.

# Directories

# . (device 16777229, inode 1430822): 13 files, no impossibilities.

# 13 files, no impossibilities in 1 directories.

# Implicit Rules

# No implicit rules.

# Files

.ONESHELL:
#  Implicit rule search has not been done.
#  Modification time never checked.
#  File has not been updated.

# Not a target:
all:
#  Command-line target.
#  Implicit rule search has been done.
#  File does not exist.
#  File has not been updated.
# variable set hash-table stats:
# Load=0/32=0%, Rehash=0, Collisions=0/0=0%

.PHONY: help
#  Implicit rule search has not been done.
#  Modification time never checked.
#  File has not been updated.

# Not a target:
.SUFFIXES:
#  Implicit rule search has not been done.
#  Modification time never checked.
#  File has not been updated.

# Not a target:
Makefile:
#  Implicit rule search has been done.
#  Last modified 2022-07-21 15:52:35
#  File has been updated.
#  Successfully updated.
# variable set hash-table stats:
# Load=0/32=0%, Rehash=0, Collisions=0/0=0%

.EXPORT_ALL_VARIABLES:
#  Implicit rule search has not been done.
#  Modification time never checked.
#  File has not been updated.

stateinit:
#  Implicit rule search has not been done.
#  Modification time never checked.
#  File has not been updated.
#  commands to execute (from `Makefile', line 24):
	chmod 755 build_state_config.py
	./build_state_config.py tfstate
	@cd tfstate  ;terraform fmt ; terraform init
	

help:
#  Phony target (prerequisite of .PHONY).
#  Implicit rule search has not been done.
#  File does not exist.
#  File has not been updated.
#  commands to execute (from `Makefile', line 21):
	@awk 'BEGIN {FS = ":.*##"; printf "\nUsage:\n  make \033[36m\033[0m\n"} /^[a-zA-Z_-]+:.*?##/ { printf "  \033[36m%-15s\033[0m %s\n", $$1, $$2 } /^##@/ { printf "\n\033[1m%s\033[0m\n", substr($$0, 5) } ' $(MAKEFILE_LIST)
	

stateplan: stateinit
#  Implicit rule search has not been done.
#  Modification time never checked.
#  File has not been updated.
#  commands to execute (from `Makefile', line 29):
	@cd tfstate  ;terraform plan -input=false -refresh=true 
	

# Not a target:
.DEFAULT:
#  Implicit rule search has not been done.
#  Modification time never checked.
#  File has not been updated.

# Not a target:
Makefile.env:
#  Implicit rule search has been done.
#  Last modified 2022-08-03 17:21:09
#  File has been updated.
#  Successfully updated.
# variable set hash-table stats:
# Load=0/32=0%, Rehash=0, Collisions=0/0=0%

stateclean:
#  Implicit rule search has not been done.
#  Modification time never checked.
#  File has not been updated.
#  commands to execute (from `Makefile', line 35):
	terraform destroy ; rm -rf .terraform *.tfstate*  backend.tf providers.tf variables.tf versions.tf main.tf
	

stateapply: stateinit
#  Implicit rule search has not been done.
#  Modification time never checked.
#  File has not been updated.
#  commands to execute (from `Makefile', line 32):
	@cd tfstate  ;terraform apply -input=true -refresh=true 
	

# files hash-table stats:
# Load=13/1024=1%, Rehash=0, Collisions=0/30=0%
# VPATH Search Paths

# No `vpath' search paths.

# No general (`VPATH' variable) search path.

# # of strings in strcache: 2
# # of strcache buffers: 1
# strcache size: total = 4096 / max = 4096 / min = 4096 / avg = 4096
# strcache free: total = 4074 / max = 4074 / min = 4074 / avg = 4074

# Finished Make data base on Thu Aug  4 08:31:43 2022

 
